TN:
SF:api/config.js
FNF:0
FNH:0
DA:1,2
LF:1
LH:1
BRDA:2,0,0,2
BRDA:2,0,1,2
BRDA:3,1,0,2
BRDA:3,1,1,2
BRDA:4,2,0,2
BRDA:4,2,1,2
BRDA:6,3,0,2
BRDA:6,3,1,2
BRF:8
BRH:8
end_of_record
TN:
SF:api/db.js
FN:17,connectToDatabase
FN:72,(anonymous_1)
FN:78,executeWithRetry
FN:104,(anonymous_3)
FN:118,getDatabase
FN:136,(anonymous_5)
FN:147,(anonymous_6)
FN:152,(anonymous_7)
FN:160,(anonymous_8)
FN:169,(anonymous_9)
FN:177,(anonymous_10)
FN:186,(anonymous_11)
FN:193,(anonymous_12)
FN:203,(anonymous_13)
FN:209,(anonymous_14)
FN:215,(anonymous_15)
FN:227,(anonymous_16)
FN:233,(anonymous_17)
FN:239,(anonymous_18)
FN:249,(anonymous_19)
FN:258,(anonymous_20)
FN:264,(anonymous_21)
FN:270,(anonymous_22)
FN:286,(anonymous_23)
FN:297,(anonymous_24)
FN:303,(anonymous_25)
FN:317,(anonymous_26)
FN:330,(anonymous_27)
FN:336,(anonymous_28)
FN:343,(anonymous_29)
FN:347,(anonymous_30)
FN:378,(anonymous_31)
FN:385,(anonymous_32)
FN:395,(anonymous_33)
FN:482,(anonymous_34)
FN:488,(anonymous_35)
FN:499,(anonymous_36)
FN:503,(anonymous_37)
FN:522,(anonymous_38)
FN:575,(anonymous_39)
FN:592,(anonymous_40)
FN:602,(anonymous_41)
FN:613,(anonymous_42)
FN:624,(anonymous_43)
FN:666,(anonymous_44)
FN:676,(anonymous_45)
FN:681,(anonymous_46)
FN:684,(anonymous_47)
FN:686,(anonymous_48)
FN:689,(anonymous_49)
FN:690,(anonymous_50)
FN:691,(anonymous_51)
FN:692,(anonymous_52)
FN:706,(anonymous_53)
FN:716,(anonymous_54)
FN:741,(anonymous_55)
FN:747,(anonymous_56)
FN:800,(anonymous_57)
FN:806,(anonymous_58)
FN:824,(anonymous_59)
FN:839,(anonymous_60)
FN:850,(anonymous_61)
FN:888,(anonymous_62)
FN:894,(anonymous_63)
FN:901,(anonymous_64)
FN:910,(anonymous_65)
FN:913,(anonymous_66)
FN:923,(anonymous_67)
FN:952,(anonymous_68)
FN:956,(anonymous_69)
FN:959,(anonymous_70)
FN:966,(anonymous_71)
FN:975,(anonymous_72)
FN:980,(anonymous_73)
FN:1004,(anonymous_74)
FN:1010,(anonymous_75)
FN:1051,(anonymous_76)
FN:1052,(anonymous_77)
FN:1053,(anonymous_78)
FN:1078,(anonymous_79)
FN:1096,(anonymous_80)
FN:1118,(anonymous_81)
FN:1119,(anonymous_82)
FN:1134,(anonymous_83)
FN:1150,(anonymous_84)
FN:1217,(anonymous_85)
FN:1220,(anonymous_86)
FN:1239,(anonymous_87)
FN:1245,(anonymous_88)
FN:1255,(anonymous_89)
FN:1261,(anonymous_90)
FN:1271,(anonymous_91)
FN:1282,(anonymous_92)
FN:1302,(anonymous_93)
FN:1346,(anonymous_94)
FN:1355,(anonymous_95)
FN:1376,(anonymous_96)
FN:1392,(anonymous_97)
FN:1411,(anonymous_98)
FN:1424,(anonymous_99)
FN:1449,(anonymous_100)
FN:1477,(anonymous_101)
FN:1540,(anonymous_102)
FN:1545,(anonymous_103)
FN:1570,(anonymous_104)
FN:1587,(anonymous_105)
FN:1589,(anonymous_106)
FN:1612,(anonymous_107)
FN:1625,(anonymous_108)
FN:1656,(anonymous_109)
FN:1693,(anonymous_110)
FN:1771,(anonymous_111)
FN:1836,(anonymous_112)
FN:1842,(anonymous_113)
FN:1848,(anonymous_114)
FN:1875,(anonymous_115)
FN:1899,(anonymous_116)
FN:1901,(anonymous_117)
FN:1915,(anonymous_118)
FN:1948,(anonymous_119)
FN:1953,(anonymous_120)
FN:1968,(anonymous_121)
FN:1970,(anonymous_122)
FN:1983,(anonymous_123)
FN:2046,(anonymous_124)
FN:2057,(anonymous_125)
FN:2087,(anonymous_126)
FN:2088,(anonymous_127)
FN:2110,(anonymous_128)
FN:2141,(anonymous_129)
FN:2154,(anonymous_130)
FN:2179,(anonymous_131)
FN:2180,(anonymous_132)
FN:2203,(anonymous_133)
FN:2224,(anonymous_134)
FN:2256,(anonymous_135)
FN:2271,(anonymous_136)
FN:2279,(anonymous_137)
FN:2297,(anonymous_138)
FN:2304,(anonymous_139)
FN:2316,(anonymous_140)
FN:2360,(anonymous_141)
FN:2365,(anonymous_142)
FNF:143
FNH:0
FNDA:0,connectToDatabase
FNDA:0,(anonymous_1)
FNDA:0,executeWithRetry
FNDA:0,(anonymous_3)
FNDA:0,getDatabase
FNDA:0,(anonymous_5)
FNDA:0,(anonymous_6)
FNDA:0,(anonymous_7)
FNDA:0,(anonymous_8)
FNDA:0,(anonymous_9)
FNDA:0,(anonymous_10)
FNDA:0,(anonymous_11)
FNDA:0,(anonymous_12)
FNDA:0,(anonymous_13)
FNDA:0,(anonymous_14)
FNDA:0,(anonymous_15)
FNDA:0,(anonymous_16)
FNDA:0,(anonymous_17)
FNDA:0,(anonymous_18)
FNDA:0,(anonymous_19)
FNDA:0,(anonymous_20)
FNDA:0,(anonymous_21)
FNDA:0,(anonymous_22)
FNDA:0,(anonymous_23)
FNDA:0,(anonymous_24)
FNDA:0,(anonymous_25)
FNDA:0,(anonymous_26)
FNDA:0,(anonymous_27)
FNDA:0,(anonymous_28)
FNDA:0,(anonymous_29)
FNDA:0,(anonymous_30)
FNDA:0,(anonymous_31)
FNDA:0,(anonymous_32)
FNDA:0,(anonymous_33)
FNDA:0,(anonymous_34)
FNDA:0,(anonymous_35)
FNDA:0,(anonymous_36)
FNDA:0,(anonymous_37)
FNDA:0,(anonymous_38)
FNDA:0,(anonymous_39)
FNDA:0,(anonymous_40)
FNDA:0,(anonymous_41)
FNDA:0,(anonymous_42)
FNDA:0,(anonymous_43)
FNDA:0,(anonymous_44)
FNDA:0,(anonymous_45)
FNDA:0,(anonymous_46)
FNDA:0,(anonymous_47)
FNDA:0,(anonymous_48)
FNDA:0,(anonymous_49)
FNDA:0,(anonymous_50)
FNDA:0,(anonymous_51)
FNDA:0,(anonymous_52)
FNDA:0,(anonymous_53)
FNDA:0,(anonymous_54)
FNDA:0,(anonymous_55)
FNDA:0,(anonymous_56)
FNDA:0,(anonymous_57)
FNDA:0,(anonymous_58)
FNDA:0,(anonymous_59)
FNDA:0,(anonymous_60)
FNDA:0,(anonymous_61)
FNDA:0,(anonymous_62)
FNDA:0,(anonymous_63)
FNDA:0,(anonymous_64)
FNDA:0,(anonymous_65)
FNDA:0,(anonymous_66)
FNDA:0,(anonymous_67)
FNDA:0,(anonymous_68)
FNDA:0,(anonymous_69)
FNDA:0,(anonymous_70)
FNDA:0,(anonymous_71)
FNDA:0,(anonymous_72)
FNDA:0,(anonymous_73)
FNDA:0,(anonymous_74)
FNDA:0,(anonymous_75)
FNDA:0,(anonymous_76)
FNDA:0,(anonymous_77)
FNDA:0,(anonymous_78)
FNDA:0,(anonymous_79)
FNDA:0,(anonymous_80)
FNDA:0,(anonymous_81)
FNDA:0,(anonymous_82)
FNDA:0,(anonymous_83)
FNDA:0,(anonymous_84)
FNDA:0,(anonymous_85)
FNDA:0,(anonymous_86)
FNDA:0,(anonymous_87)
FNDA:0,(anonymous_88)
FNDA:0,(anonymous_89)
FNDA:0,(anonymous_90)
FNDA:0,(anonymous_91)
FNDA:0,(anonymous_92)
FNDA:0,(anonymous_93)
FNDA:0,(anonymous_94)
FNDA:0,(anonymous_95)
FNDA:0,(anonymous_96)
FNDA:0,(anonymous_97)
FNDA:0,(anonymous_98)
FNDA:0,(anonymous_99)
FNDA:0,(anonymous_100)
FNDA:0,(anonymous_101)
FNDA:0,(anonymous_102)
FNDA:0,(anonymous_103)
FNDA:0,(anonymous_104)
FNDA:0,(anonymous_105)
FNDA:0,(anonymous_106)
FNDA:0,(anonymous_107)
FNDA:0,(anonymous_108)
FNDA:0,(anonymous_109)
FNDA:0,(anonymous_110)
FNDA:0,(anonymous_111)
FNDA:0,(anonymous_112)
FNDA:0,(anonymous_113)
FNDA:0,(anonymous_114)
FNDA:0,(anonymous_115)
FNDA:0,(anonymous_116)
FNDA:0,(anonymous_117)
FNDA:0,(anonymous_118)
FNDA:0,(anonymous_119)
FNDA:0,(anonymous_120)
FNDA:0,(anonymous_121)
FNDA:0,(anonymous_122)
FNDA:0,(anonymous_123)
FNDA:0,(anonymous_124)
FNDA:0,(anonymous_125)
FNDA:0,(anonymous_126)
FNDA:0,(anonymous_127)
FNDA:0,(anonymous_128)
FNDA:0,(anonymous_129)
FNDA:0,(anonymous_130)
FNDA:0,(anonymous_131)
FNDA:0,(anonymous_132)
FNDA:0,(anonymous_133)
FNDA:0,(anonymous_134)
FNDA:0,(anonymous_135)
FNDA:0,(anonymous_136)
FNDA:0,(anonymous_137)
FNDA:0,(anonymous_138)
FNDA:0,(anonymous_139)
FNDA:0,(anonymous_140)
FNDA:0,(anonymous_141)
FNDA:0,(anonymous_142)
DA:2,2
DA:3,2
DA:4,2
DA:6,2
DA:7,2
DA:8,2
DA:11,2
DA:12,2
DA:13,2
DA:14,2
DA:19,0
DA:20,0
DA:22,0
DA:23,0
DA:24,0
DA:26,0
DA:28,0
DA:29,0
DA:33,0
DA:34,0
DA:35,0
DA:38,0
DA:50,0
DA:51,0
DA:53,0
DA:56,0
DA:57,0
DA:58,0
DA:60,0
DA:63,0
DA:64,0
DA:66,0
DA:67,0
DA:68,0
DA:72,0
DA:79,0
DA:82,0
DA:83,0
DA:84,0
DA:85,0
DA:87,0
DA:88,0
DA:91,0
DA:96,0
DA:98,0
DA:99,0
DA:100,0
DA:103,0
DA:104,0
DA:105,0
DA:110,0
DA:114,0
DA:119,0
DA:120,0
DA:121,0
DA:123,0
DA:125,0
DA:126,0
DA:127,0
DA:129,0
DA:130,0
DA:134,2
DA:137,0
DA:138,0
DA:139,0
DA:141,0
DA:148,0
DA:149,0
DA:153,0
DA:154,0
DA:155,0
DA:161,0
DA:162,0
DA:166,0
DA:170,0
DA:171,0
DA:172,0
DA:178,0
DA:179,0
DA:183,0
DA:187,0
DA:188,0
DA:189,0
DA:190,0
DA:194,0
DA:195,0
DA:196,0
DA:200,0
DA:204,0
DA:205,0
DA:206,0
DA:210,0
DA:211,0
DA:212,0
DA:216,0
DA:222,0
DA:223,0
DA:224,0
DA:228,0
DA:229,0
DA:230,0
DA:234,0
DA:235,0
DA:236,0
DA:240,0
DA:241,0
DA:246,0
DA:250,0
DA:251,0
DA:255,0
DA:259,0
DA:260,0
DA:261,0
DA:265,0
DA:266,0
DA:267,0
DA:271,0
DA:277,0
DA:278,0
DA:279,0
DA:283,0
DA:287,0
DA:288,0
DA:289,0
DA:290,0
DA:292,0
DA:298,0
DA:299,0
DA:300,0
DA:304,0
DA:305,0
DA:314,0
DA:318,0
DA:319,0
DA:327,0
DA:331,0
DA:332,0
DA:333,0
DA:337,0
DA:338,0
DA:339,0
DA:342,0
DA:343,0
DA:348,0
DA:350,0
DA:374,0
DA:375,0
DA:379,0
DA:380,0
DA:381,0
DA:382,0
DA:386,0
DA:387,0
DA:388,0
DA:392,0
DA:396,0
DA:398,0
DA:463,0
DA:468,0
DA:470,0
DA:474,0
DA:477,0
DA:478,0
DA:483,0
DA:484,0
DA:485,0
DA:489,0
DA:491,0
DA:492,0
DA:493,0
DA:496,0
DA:499,0
DA:500,0
DA:504,0
DA:506,0
DA:508,0
DA:515,0
DA:518,0
DA:522,0
DA:524,0
DA:525,0
DA:526,0
DA:530,0
DA:536,0
DA:539,0
DA:540,0
DA:541,0
DA:546,0
DA:548,0
DA:550,0
DA:551,0
DA:552,0
DA:553,0
DA:554,0
DA:560,0
DA:562,0
DA:563,0
DA:565,0
DA:568,0
DA:570,0
DA:571,0
DA:576,0
DA:577,0
DA:578,0
DA:589,0
DA:593,0
DA:594,0
DA:598,0
DA:603,0
DA:605,0
DA:609,0
DA:614,0
DA:616,0
DA:620,0
DA:625,0
DA:626,0
DA:629,0
DA:644,0
DA:650,0
DA:652,0
DA:667,0
DA:669,0
DA:673,0
DA:678,0
DA:682,0
DA:683,0
DA:684,0
DA:685,0
DA:686,0
DA:688,0
DA:689,0
DA:690,0
DA:691,0
DA:692,0
DA:695,0
DA:707,0
DA:710,0
DA:712,0
DA:714,0
DA:716,0
DA:722,0
DA:723,0
DA:727,0
DA:737,0
DA:738,0
DA:742,0
DA:743,0
DA:744,0
DA:748,0
DA:750,0
DA:753,0
DA:754,0
DA:755,0
DA:760,0
DA:762,0
DA:763,0
DA:765,0
DA:766,0
DA:768,0
DA:769,0
DA:771,0
DA:772,0
DA:774,0
DA:777,0
DA:779,0
DA:791,0
DA:794,0
DA:795,0
DA:797,0
DA:801,0
DA:802,0
DA:803,0
DA:807,0
DA:810,0
DA:811,0
DA:813,0
DA:820,0
DA:821,0
DA:825,0
DA:826,0
DA:836,0
DA:840,0
DA:841,0
DA:846,0
DA:851,0
DA:852,0
DA:853,0
DA:854,0
DA:855,0
DA:857,0
DA:858,0
DA:859,0
DA:874,0
DA:875,0
DA:877,0
DA:880,0
DA:881,0
DA:885,0
DA:889,0
DA:890,0
DA:891,0
DA:895,0
DA:896,0
DA:897,0
DA:902,0
DA:903,0
DA:909,0
DA:910,0
DA:913,0
DA:919,0
DA:924,0
DA:929,0
DA:952,0
DA:953,0
DA:956,0
DA:959,0
DA:966,0
DA:967,0
DA:968,0
DA:969,0
DA:972,0
DA:976,0
DA:977,0
DA:981,0
DA:982,0
DA:984,0
DA:986,0
DA:987,0
DA:990,0
DA:993,0
DA:994,0
DA:995,0
DA:996,0
DA:997,0
DA:1000,0
DA:1004,0
DA:1005,0
DA:1009,0
DA:1011,0
DA:1012,0
DA:1014,0
DA:1015,0
DA:1016,0
DA:1017,0
DA:1019,0
DA:1020,0
DA:1024,0
DA:1028,0
DA:1034,0
DA:1035,0
DA:1036,0
DA:1037,0
DA:1038,0
DA:1039,0
DA:1042,0
DA:1047,0
DA:1051,0
DA:1052,0
DA:1053,0
DA:1060,0
DA:1079,0
DA:1080,0
DA:1081,0
DA:1083,0
DA:1085,0
DA:1087,0
DA:1088,0
DA:1091,0
DA:1092,0
DA:1095,0
DA:1096,0
DA:1104,0
DA:1105,0
DA:1107,0
DA:1109,0
DA:1110,0
DA:1113,0
DA:1114,0
DA:1119,0
DA:1120,0
DA:1121,0
DA:1124,0
DA:1125,0
DA:1126,0
DA:1130,0
DA:1133,0
DA:1135,0
DA:1136,0
DA:1143,0
DA:1151,0
DA:1152,0
DA:1154,0
DA:1170,0
DA:1171,0
DA:1173,0
DA:1186,0
DA:1198,0
DA:1203,0
DA:1205,0
DA:1207,0
DA:1213,0
DA:1217,0
DA:1218,0
DA:1220,0
DA:1222,0
DA:1227,0
DA:1232,0
DA:1233,0
DA:1235,0
DA:1240,0
DA:1241,0
DA:1242,0
DA:1246,0
DA:1247,0
DA:1252,0
DA:1256,0
DA:1257,0
DA:1258,0
DA:1262,0
DA:1263,0
DA:1267,0
DA:1272,0
DA:1275,0
DA:1281,0
DA:1283,0
DA:1291,0
DA:1298,0
DA:1303,0
DA:1304,0
DA:1306,0
DA:1309,0
DA:1311,0
DA:1312,0
DA:1315,0
DA:1316,0
DA:1320,0
DA:1321,0
DA:1325,0
DA:1328,0
DA:1335,0
DA:1336,0
DA:1346,0
DA:1347,0
DA:1350,0
DA:1355,0
DA:1375,0
DA:1376,0
DA:1377,0
DA:1378,0
DA:1382,0
DA:1383,0
DA:1386,0
DA:1392,0
DA:1411,0
DA:1412,0
DA:1413,0
DA:1414,0
DA:1415,0
DA:1424,0
DA:1425,0
DA:1426,0
DA:1433,0
DA:1434,0
DA:1436,0
DA:1447,0
DA:1448,0
DA:1449,0
DA:1450,0
DA:1452,0
DA:1454,0
DA:1456,0
DA:1458,0
DA:1463,0
DA:1465,0
DA:1467,0
DA:1478,0
DA:1479,0
DA:1481,0
DA:1484,0
DA:1485,0
DA:1486,0
DA:1490,0
DA:1505,0
DA:1508,0
DA:1540,0
DA:1541,0
DA:1544,0
DA:1545,0
DA:1546,0
DA:1547,0
DA:1548,0
DA:1552,0
DA:1569,0
DA:1570,0
DA:1571,0
DA:1572,0
DA:1574,0
DA:1575,0
DA:1577,0
DA:1578,0
DA:1580,0
DA:1581,0
DA:1586,0
DA:1587,0
DA:1588,0
DA:1589,0
DA:1592,0
DA:1594,0
DA:1596,0
DA:1613,0
DA:1616,0
DA:1621,0
DA:1624,0
DA:1626,0
DA:1641,0
DA:1642,0
DA:1644,0
DA:1651,0
DA:1652,0
DA:1657,0
DA:1658,0
DA:1660,0
DA:1663,0
DA:1665,0
DA:1666,0
DA:1669,0
DA:1670,0
DA:1673,0
DA:1674,0
DA:1678,0
DA:1679,0
DA:1682,0
DA:1689,0
DA:1692,0
DA:1694,0
DA:1709,0
DA:1712,0
DA:1713,0
DA:1714,0
DA:1716,0
DA:1718,0
DA:1743,0
DA:1744,0
DA:1745,0
DA:1748,0
DA:1759,0
DA:1761,0
DA:1772,0
DA:1775,0
DA:1776,0
DA:1777,0
DA:1780,0
DA:1783,0
DA:1787,0
DA:1788,0
DA:1792,0
DA:1830,0
DA:1833,0
DA:1834,0
DA:1835,0
DA:1836,0
DA:1837,0
DA:1842,0
DA:1843,0
DA:1847,0
DA:1848,0
DA:1849,0
DA:1850,0
DA:1851,0
DA:1855,0
DA:1873,0
DA:1875,0
DA:1877,0
DA:1878,0
DA:1880,0
DA:1881,0
DA:1884,0
DA:1885,0
DA:1887,0
DA:1888,0
DA:1889,0
DA:1891,0
DA:1896,0
DA:1899,0
DA:1900,0
DA:1901,0
DA:1904,0
DA:1906,0
DA:1916,0
DA:1919,0
DA:1920,0
DA:1921,0
DA:1925,0
DA:1933,0
DA:1941,0
DA:1947,0
DA:1949,0
DA:1952,0
DA:1953,0
DA:1955,0
DA:1968,0
DA:1969,0
DA:1970,0
DA:1973,0
DA:1984,0
DA:1985,0
DA:1987,0
DA:1990,0
DA:1992,0
DA:1993,0
DA:1996,0
DA:1997,0
DA:1998,0
DA:2001,0
DA:2004,0
DA:2005,0
DA:2006,0
DA:2010,0
DA:2011,0
DA:2012,0
DA:2014,0
DA:2016,0
DA:2017,0
DA:2020,0
DA:2021,0
DA:2022,0
DA:2025,0
DA:2028,0
DA:2029,0
DA:2041,0
DA:2042,0
DA:2046,0
DA:2047,0
DA:2056,0
DA:2057,0
DA:2058,0
DA:2059,0
DA:2060,0
DA:2061,0
DA:2063,0
DA:2064,0
DA:2065,0
DA:2066,0
DA:2067,0
DA:2068,0
DA:2070,0
DA:2073,0
DA:2076,0
DA:2080,0
DA:2081,0
DA:2083,0
DA:2087,0
DA:2088,0
DA:2089,0
DA:2092,0
DA:2093,0
DA:2094,0
DA:2097,0
DA:2107,0
DA:2111,0
DA:2112,0
DA:2114,0
DA:2117,0
DA:2118,0
DA:2120,0
DA:2122,0
DA:2123,0
DA:2124,0
DA:2127,0
DA:2141,0
DA:2142,0
DA:2151,0
DA:2152,0
DA:2153,0
DA:2154,0
DA:2155,0
DA:2156,0
DA:2157,0
DA:2158,0
DA:2159,0
DA:2160,0
DA:2162,0
DA:2165,0
DA:2169,0
DA:2172,0
DA:2173,0
DA:2175,0
DA:2179,0
DA:2180,0
DA:2181,0
DA:2182,0
DA:2185,0
DA:2187,0
DA:2188,0
DA:2192,0
DA:2194,0
DA:2195,0
DA:2196,0
DA:2199,0
DA:2204,0
DA:2206,0
DA:2220,0
DA:2221,0
DA:2225,0
DA:2227,0
DA:2230,0
DA:2231,0
DA:2235,0
DA:2236,0
DA:2240,0
DA:2241,0
DA:2247,0
DA:2253,0
DA:2257,0
DA:2258,0
DA:2260,0
DA:2268,0
DA:2272,0
DA:2273,0
DA:2275,0
DA:2276,0
DA:2280,0
DA:2281,0
DA:2283,0
DA:2293,0
DA:2298,0
DA:2301,0
DA:2304,0
DA:2306,0
DA:2307,0
DA:2315,0
DA:2316,0
DA:2317,0
DA:2318,0
DA:2321,0
DA:2322,0
DA:2324,0
DA:2325,0
DA:2327,0
DA:2329,0
DA:2339,0
DA:2341,0
DA:2349,0
DA:2361,0
DA:2363,0
DA:2365,0
LF:746
LH:11
BRDA:19,0,0,0
BRDA:19,0,1,0
BRDA:19,1,0,0
BRDA:19,1,1,0
BRDA:66,2,0,0
BRDA:66,2,1,0
BRDA:78,3,0,0
BRDA:91,4,0,0
BRDA:91,4,1,0
BRDA:91,5,0,0
BRDA:91,5,1,0
BRDA:91,5,2,0
BRDA:91,5,3,0
BRDA:103,6,0,0
BRDA:103,6,1,0
BRDA:300,7,0,0
BRDA:300,7,1,0
BRDA:333,8,0,0
BRDA:333,8,1,0
BRDA:339,9,0,0
BRDA:339,9,1,0
BRDA:347,10,0,0
BRDA:347,11,0,0
BRDA:347,12,0,0
BRDA:347,13,0,0
BRDA:347,14,0,0
BRDA:410,15,0,0
BRDA:410,15,1,0
BRDA:411,16,0,0
BRDA:411,16,1,0
BRDA:414,17,0,0
BRDA:414,17,1,0
BRDA:417,18,0,0
BRDA:417,18,1,0
BRDA:419,19,0,0
BRDA:419,19,1,0
BRDA:420,20,0,0
BRDA:420,20,1,0
BRDA:421,21,0,0
BRDA:421,21,1,0
BRDA:422,22,0,0
BRDA:422,22,1,0
BRDA:423,23,0,0
BRDA:423,23,1,0
BRDA:426,24,0,0
BRDA:426,24,1,0
BRDA:427,25,0,0
BRDA:427,25,1,0
BRDA:428,26,0,0
BRDA:428,26,1,0
BRDA:429,27,0,0
BRDA:429,27,1,0
BRDA:432,28,0,0
BRDA:432,28,1,0
BRDA:433,29,0,0
BRDA:433,29,1,0
BRDA:434,30,0,0
BRDA:434,30,1,0
BRDA:435,31,0,0
BRDA:435,31,1,0
BRDA:438,32,0,0
BRDA:438,32,1,0
BRDA:439,33,0,0
BRDA:439,33,1,0
BRDA:440,34,0,0
BRDA:440,34,1,0
BRDA:441,35,0,0
BRDA:441,35,1,0
BRDA:444,36,0,0
BRDA:444,36,1,0
BRDA:445,37,0,0
BRDA:445,37,1,0
BRDA:446,38,0,0
BRDA:446,38,1,0
BRDA:447,39,0,0
BRDA:447,39,1,0
BRDA:448,40,0,0
BRDA:448,40,1,0
BRDA:449,41,0,0
BRDA:449,41,1,0
BRDA:452,42,0,0
BRDA:452,42,1,0
BRDA:453,43,0,0
BRDA:453,43,1,0
BRDA:456,44,0,0
BRDA:456,44,1,0
BRDA:468,45,0,0
BRDA:468,45,1,0
BRDA:488,46,0,0
BRDA:488,47,0,0
BRDA:492,48,0,0
BRDA:492,48,1,0
BRDA:533,49,0,0
BRDA:533,49,1,0
BRDA:539,50,0,0
BRDA:539,50,1,0
BRDA:548,51,0,0
BRDA:548,51,1,0
BRDA:552,52,0,0
BRDA:552,52,1,0
BRDA:712,53,0,0
BRDA:712,53,1,0
BRDA:747,54,0,0
BRDA:754,55,0,0
BRDA:754,55,1,0
BRDA:760,56,0,0
BRDA:760,56,1,0
BRDA:760,56,2,0
BRDA:760,56,3,0
BRDA:760,56,4,0
BRDA:774,57,0,0
BRDA:774,57,1,0
BRDA:811,58,0,0
BRDA:811,58,1,0
BRDA:850,59,0,0
BRDA:874,60,0,0
BRDA:874,60,1,0
BRDA:891,61,0,0
BRDA:891,61,1,0
BRDA:915,62,0,0
BRDA:915,62,1,0
BRDA:923,63,0,0
BRDA:923,64,0,0
BRDA:961,65,0,0
BRDA:961,65,1,0
BRDA:967,66,0,0
BRDA:967,66,1,0
BRDA:968,67,0,0
BRDA:968,67,1,0
BRDA:986,68,0,0
BRDA:986,68,1,0
BRDA:990,69,0,0
BRDA:990,69,1,0
BRDA:996,70,0,0
BRDA:996,70,1,0
BRDA:996,71,0,0
BRDA:996,71,1,0
BRDA:1014,72,0,0
BRDA:1014,72,1,0
BRDA:1016,73,0,0
BRDA:1016,73,1,0
BRDA:1019,74,0,0
BRDA:1019,74,1,0
BRDA:1030,75,0,0
BRDA:1030,75,1,0
BRDA:1034,76,0,0
BRDA:1034,76,1,0
BRDA:1034,77,0,0
BRDA:1034,77,1,0
BRDA:1034,77,2,0
BRDA:1038,78,0,0
BRDA:1038,78,1,0
BRDA:1039,79,0,0
BRDA:1039,79,1,0
BRDA:1049,80,0,0
BRDA:1049,80,1,0
BRDA:1050,81,0,0
BRDA:1050,81,1,0
BRDA:1054,82,0,0
BRDA:1054,82,1,0
BRDA:1055,83,0,0
BRDA:1055,83,1,0
BRDA:1056,84,0,0
BRDA:1056,84,1,0
BRDA:1087,85,0,0
BRDA:1087,85,1,0
BRDA:1099,86,0,0
BRDA:1099,86,1,0
BRDA:1100,87,0,0
BRDA:1100,87,1,0
BRDA:1125,88,0,0
BRDA:1125,88,1,0
BRDA:1138,89,0,0
BRDA:1138,89,1,0
BRDA:1162,90,0,0
BRDA:1162,90,1,0
BRDA:1163,91,0,0
BRDA:1163,91,1,0
BRDA:1164,92,0,0
BRDA:1164,92,1,0
BRDA:1165,93,0,0
BRDA:1165,93,1,0
BRDA:1170,94,0,0
BRDA:1170,94,1,0
BRDA:1170,95,0,0
BRDA:1170,95,1,0
BRDA:1205,96,0,0
BRDA:1205,96,1,0
BRDA:1217,97,0,0
BRDA:1217,97,1,0
BRDA:1218,98,0,0
BRDA:1218,98,1,0
BRDA:1220,99,0,0
BRDA:1220,99,1,0
BRDA:1232,100,0,0
BRDA:1232,100,1,0
BRDA:1302,101,0,0
BRDA:1302,102,0,0
BRDA:1302,103,0,0
BRDA:1311,104,0,0
BRDA:1311,104,1,0
BRDA:1315,105,0,0
BRDA:1315,105,1,0
BRDA:1315,106,0,0
BRDA:1315,106,1,0
BRDA:1320,107,0,0
BRDA:1320,107,1,0
BRDA:1335,108,0,0
BRDA:1335,108,1,0
BRDA:1377,109,0,0
BRDA:1377,109,1,0
BRDA:1383,110,0,0
BRDA:1383,110,1,0
BRDA:1412,111,0,0
BRDA:1412,111,1,0
BRDA:1413,112,0,0
BRDA:1413,112,1,0
BRDA:1414,113,0,0
BRDA:1414,113,1,0
BRDA:1418,114,0,0
BRDA:1418,114,1,0
BRDA:1418,114,2,0
BRDA:1425,115,0,0
BRDA:1425,115,1,0
BRDA:1426,116,0,0
BRDA:1426,116,1,0
BRDA:1433,117,0,0
BRDA:1433,117,1,0
BRDA:1434,118,0,0
BRDA:1434,118,1,0
BRDA:1434,118,2,0
BRDA:1448,119,0,0
BRDA:1448,119,1,0
BRDA:1448,120,0,0
BRDA:1448,120,1,0
BRDA:1450,121,0,0
BRDA:1450,121,1,0
BRDA:1450,121,2,0
BRDA:1450,121,3,0
BRDA:1454,122,0,0
BRDA:1454,122,1,0
BRDA:1477,123,0,0
BRDA:1477,124,0,0
BRDA:1485,125,0,0
BRDA:1485,125,1,0
BRDA:1505,126,0,0
BRDA:1505,126,1,0
BRDA:1544,127,0,0
BRDA:1544,127,1,0
BRDA:1544,128,0,0
BRDA:1544,128,1,0
BRDA:1546,129,0,0
BRDA:1546,129,1,0
BRDA:1555,130,0,0
BRDA:1555,130,1,0
BRDA:1556,131,0,0
BRDA:1556,131,1,0
BRDA:1557,132,0,0
BRDA:1557,132,1,0
BRDA:1557,132,2,0
BRDA:1574,133,0,0
BRDA:1574,133,1,0
BRDA:1580,134,0,0
BRDA:1580,134,1,0
BRDA:1588,135,0,0
BRDA:1588,135,1,0
BRDA:1641,136,0,0
BRDA:1641,136,1,0
BRDA:1656,137,0,0
BRDA:1656,138,0,0
BRDA:1656,139,0,0
BRDA:1665,140,0,0
BRDA:1665,140,1,0
BRDA:1669,141,0,0
BRDA:1669,141,1,0
BRDA:1669,142,0,0
BRDA:1669,142,1,0
BRDA:1673,143,0,0
BRDA:1673,143,1,0
BRDA:1709,144,0,0
BRDA:1709,144,1,0
BRDA:1716,145,0,0
BRDA:1716,145,1,0
BRDA:1716,146,0,0
BRDA:1716,146,1,0
BRDA:1743,147,0,0
BRDA:1743,147,1,0
BRDA:1745,148,0,0
BRDA:1745,148,1,0
BRDA:1776,149,0,0
BRDA:1776,149,1,0
BRDA:1787,150,0,0
BRDA:1787,150,1,0
BRDA:1787,151,0,0
BRDA:1787,151,1,0
BRDA:1787,151,2,0
BRDA:1833,152,0,0
BRDA:1833,152,1,0
BRDA:1847,153,0,0
BRDA:1847,153,1,0
BRDA:1847,154,0,0
BRDA:1847,154,1,0
BRDA:1849,155,0,0
BRDA:1849,155,1,0
BRDA:1858,156,0,0
BRDA:1858,156,1,0
BRDA:1859,157,0,0
BRDA:1859,157,1,0
BRDA:1860,158,0,0
BRDA:1860,158,1,0
BRDA:1860,158,2,0
BRDA:1880,159,0,0
BRDA:1880,159,1,0
BRDA:1887,160,0,0
BRDA:1887,160,1,0
BRDA:1900,161,0,0
BRDA:1900,161,1,0
BRDA:1920,162,0,0
BRDA:1920,162,1,0
BRDA:1933,163,0,0
BRDA:1933,163,1,0
BRDA:1969,164,0,0
BRDA:1969,164,1,0
BRDA:1992,165,0,0
BRDA:1992,165,1,0
BRDA:1997,166,0,0
BRDA:1997,166,1,0
BRDA:2011,167,0,0
BRDA:2011,167,1,0
BRDA:2012,168,0,0
BRDA:2012,168,1,0
BRDA:2014,169,0,0
BRDA:2014,169,1,0
BRDA:2016,170,0,0
BRDA:2016,170,1,0
BRDA:2028,171,0,0
BRDA:2028,171,1,0
BRDA:2041,172,0,0
BRDA:2041,172,1,0
BRDA:2051,173,0,0
BRDA:2051,173,1,0
BRDA:2056,174,0,0
BRDA:2056,174,1,0
BRDA:2058,175,0,0
BRDA:2058,175,1,0
BRDA:2058,176,0,0
BRDA:2058,176,1,0
BRDA:2058,176,2,0
BRDA:2061,177,0,0
BRDA:2061,177,1,0
BRDA:2061,178,0,0
BRDA:2061,178,1,0
BRDA:2066,179,0,0
BRDA:2066,179,1,0
BRDA:2066,180,0,0
BRDA:2066,180,1,0
BRDA:2080,181,0,0
BRDA:2080,181,1,0
BRDA:2089,182,0,0
BRDA:2089,182,1,0
BRDA:2092,183,0,0
BRDA:2092,183,1,0
BRDA:2120,184,0,0
BRDA:2120,184,1,0
BRDA:2123,185,0,0
BRDA:2123,185,1,0
BRDA:2146,186,0,0
BRDA:2146,186,1,0
BRDA:2153,187,0,0
BRDA:2153,187,1,0
BRDA:2153,188,0,0
BRDA:2153,188,1,0
BRDA:2155,189,0,0
BRDA:2155,189,1,0
BRDA:2155,190,0,0
BRDA:2155,190,1,0
BRDA:2158,191,0,0
BRDA:2158,191,1,0
BRDA:2158,192,0,0
BRDA:2158,192,1,0
BRDA:2172,193,0,0
BRDA:2172,193,1,0
BRDA:2181,194,0,0
BRDA:2181,194,1,0
BRDA:2187,195,0,0
BRDA:2187,195,1,0
BRDA:2203,196,0,0
BRDA:2224,197,0,0
BRDA:2224,198,0,0
BRDA:2224,199,0,0
BRDA:2224,200,0,0
BRDA:2230,201,0,0
BRDA:2230,201,1,0
BRDA:2235,202,0,0
BRDA:2235,202,1,0
BRDA:2240,203,0,0
BRDA:2240,203,1,0
BRDA:2304,204,0,0
BRDA:2304,204,1,0
BRDA:2306,205,0,0
BRDA:2306,205,1,0
BRDA:2327,206,0,0
BRDA:2327,206,1,0
BRDA:2327,207,0,0
BRDA:2327,207,1,0
BRDA:2334,208,0,0
BRDA:2334,208,1,0
BRDA:2367,209,0,0
BRDA:2367,209,1,0
BRDA:2369,210,0,0
BRDA:2369,210,1,0
BRDA:2370,211,0,0
BRDA:2370,211,1,0
BRF:413
BRH:0
end_of_record
TN:
SF:api/index.js
FN:17,createAssistant
FN:24,(anonymous_1)
FN:37,(anonymous_2)
FN:40,(anonymous_3)
FN:48,(anonymous_4)
FN:51,(anonymous_5)
FN:56,(anonymous_6)
FN:57,(anonymous_7)
FN:60,(anonymous_8)
FN:73,(anonymous_9)
FN:76,(anonymous_10)
FN:82,(anonymous_11)
FN:95,(anonymous_12)
FN:97,(anonymous_13)
FN:101,(anonymous_14)
FN:104,(anonymous_15)
FN:108,(anonymous_16)
FN:110,(anonymous_17)
FN:114,(anonymous_18)
FN:118,(anonymous_19)
FN:122,(anonymous_20)
FN:123,(anonymous_21)
FN:127,(anonymous_22)
FN:128,(anonymous_23)
FN:131,(anonymous_24)
FN:133,(anonymous_25)
FN:136,(anonymous_26)
FN:137,(anonymous_27)
FN:140,(anonymous_28)
FN:143,(anonymous_29)
FN:146,(anonymous_30)
FN:147,(anonymous_31)
FN:150,(anonymous_32)
FN:151,(anonymous_33)
FN:154,(anonymous_34)
FN:155,(anonymous_35)
FN:158,(anonymous_36)
FN:159,(anonymous_37)
FN:162,(anonymous_38)
FN:169,(anonymous_39)
FN:173,(anonymous_40)
FN:193,(anonymous_41)
FN:278,(anonymous_42)
FN:281,(anonymous_43)
FN:287,(anonymous_44)
FN:293,(anonymous_45)
FN:404,seededRandom
FN:439,(anonymous_47)
FN:462,(anonymous_48)
FN:463,(anonymous_49)
FN:470,(anonymous_50)
FN:494,(anonymous_51)
FN:495,(anonymous_52)
FN:502,(anonymous_53)
FN:520,(anonymous_54)
FN:538,(anonymous_55)
FN:543,(anonymous_56)
FN:544,(anonymous_57)
FN:550,(anonymous_58)
FN:557,(anonymous_59)
FN:567,(anonymous_60)
FN:574,(anonymous_61)
FN:576,(anonymous_62)
FN:579,(anonymous_63)
FN:586,(anonymous_64)
FN:614,(anonymous_65)
FN:624,(anonymous_66)
FN:673,(anonymous_67)
FN:682,(anonymous_68)
FN:683,(anonymous_69)
FN:740,(anonymous_70)
FN:762,(anonymous_71)
FN:764,(anonymous_72)
FN:767,(anonymous_73)
FN:774,(anonymous_74)
FN:814,(anonymous_75)
FN:816,(anonymous_76)
FN:835,(anonymous_77)
FN:836,(anonymous_78)
FN:895,(anonymous_79)
FN:896,(anonymous_80)
FN:931,(anonymous_81)
FN:935,(anonymous_82)
FN:936,(anonymous_83)
FN:943,(anonymous_84)
FN:971,(anonymous_85)
FN:984,(anonymous_86)
FN:987,(anonymous_87)
FN:999,(anonymous_88)
FN:1016,(anonymous_89)
FN:1037,(anonymous_90)
FN:1041,(anonymous_91)
FN:1054,(anonymous_92)
FN:1071,(anonymous_93)
FN:1095,(anonymous_94)
FN:1111,(anonymous_95)
FN:1117,(anonymous_96)
FN:1118,(anonymous_97)
FN:1129,(anonymous_98)
FN:1130,(anonymous_99)
FN:1153,(anonymous_100)
FN:1155,(anonymous_101)
FN:1157,(anonymous_102)
FN:1163,(anonymous_103)
FN:1180,(anonymous_104)
FN:1218,(anonymous_105)
FN:1236,(anonymous_106)
FN:1252,(anonymous_107)
FN:1270,(anonymous_108)
FN:1282,(anonymous_109)
FN:1294,(anonymous_110)
FN:1308,(anonymous_111)
FN:1318,(anonymous_112)
FN:1328,(anonymous_113)
FN:1339,(anonymous_114)
FN:1377,(anonymous_115)
FN:1408,(anonymous_116)
FN:1452,(anonymous_117)
FN:1459,(anonymous_118)
FN:1466,(anonymous_119)
FN:1483,(anonymous_120)
FN:1536,(anonymous_121)
FN:1544,calculateJaccardSimilarity
FN:1545,(anonymous_123)
FN:1552,(anonymous_124)
FN:1561,(anonymous_125)
FN:1567,calculateLevenshteinSimilarity
FN:1600,calculateSequenceSimilarity
FN:1603,(anonymous_128)
FN:1605,(anonymous_129)
FN:1616,(anonymous_130)
FN:1620,calculateAdvancedSimilarity
FN:1628,getSuspicionLevel
FN:1635,(anonymous_133)
FN:1677,(anonymous_134)
FN:1685,(anonymous_135)
FN:1687,(anonymous_136)
FN:1706,(anonymous_137)
FN:1758,(anonymous_138)
FN:1773,(anonymous_139)
FN:1818,(anonymous_140)
FN:1886,(anonymous_141)
FN:1894,(anonymous_142)
FN:1932,(anonymous_143)
FN:1966,(anonymous_144)
FN:1972,(anonymous_145)
FN:1993,(anonymous_146)
FN:2004,(anonymous_147)
FN:2008,(anonymous_148)
FN:2021,(anonymous_149)
FN:2036,(anonymous_150)
FN:2042,(anonymous_151)
FN:2094,(anonymous_152)
FN:2107,(anonymous_153)
FN:2114,(anonymous_154)
FNF:155
FNH:0
FNDA:0,createAssistant
FNDA:0,(anonymous_1)
FNDA:0,(anonymous_2)
FNDA:0,(anonymous_3)
FNDA:0,(anonymous_4)
FNDA:0,(anonymous_5)
FNDA:0,(anonymous_6)
FNDA:0,(anonymous_7)
FNDA:0,(anonymous_8)
FNDA:0,(anonymous_9)
FNDA:0,(anonymous_10)
FNDA:0,(anonymous_11)
FNDA:0,(anonymous_12)
FNDA:0,(anonymous_13)
FNDA:0,(anonymous_14)
FNDA:0,(anonymous_15)
FNDA:0,(anonymous_16)
FNDA:0,(anonymous_17)
FNDA:0,(anonymous_18)
FNDA:0,(anonymous_19)
FNDA:0,(anonymous_20)
FNDA:0,(anonymous_21)
FNDA:0,(anonymous_22)
FNDA:0,(anonymous_23)
FNDA:0,(anonymous_24)
FNDA:0,(anonymous_25)
FNDA:0,(anonymous_26)
FNDA:0,(anonymous_27)
FNDA:0,(anonymous_28)
FNDA:0,(anonymous_29)
FNDA:0,(anonymous_30)
FNDA:0,(anonymous_31)
FNDA:0,(anonymous_32)
FNDA:0,(anonymous_33)
FNDA:0,(anonymous_34)
FNDA:0,(anonymous_35)
FNDA:0,(anonymous_36)
FNDA:0,(anonymous_37)
FNDA:0,(anonymous_38)
FNDA:0,(anonymous_39)
FNDA:0,(anonymous_40)
FNDA:0,(anonymous_41)
FNDA:0,(anonymous_42)
FNDA:0,(anonymous_43)
FNDA:0,(anonymous_44)
FNDA:0,(anonymous_45)
FNDA:0,seededRandom
FNDA:0,(anonymous_47)
FNDA:0,(anonymous_48)
FNDA:0,(anonymous_49)
FNDA:0,(anonymous_50)
FNDA:0,(anonymous_51)
FNDA:0,(anonymous_52)
FNDA:0,(anonymous_53)
FNDA:0,(anonymous_54)
FNDA:0,(anonymous_55)
FNDA:0,(anonymous_56)
FNDA:0,(anonymous_57)
FNDA:0,(anonymous_58)
FNDA:0,(anonymous_59)
FNDA:0,(anonymous_60)
FNDA:0,(anonymous_61)
FNDA:0,(anonymous_62)
FNDA:0,(anonymous_63)
FNDA:0,(anonymous_64)
FNDA:0,(anonymous_65)
FNDA:0,(anonymous_66)
FNDA:0,(anonymous_67)
FNDA:0,(anonymous_68)
FNDA:0,(anonymous_69)
FNDA:0,(anonymous_70)
FNDA:0,(anonymous_71)
FNDA:0,(anonymous_72)
FNDA:0,(anonymous_73)
FNDA:0,(anonymous_74)
FNDA:0,(anonymous_75)
FNDA:0,(anonymous_76)
FNDA:0,(anonymous_77)
FNDA:0,(anonymous_78)
FNDA:0,(anonymous_79)
FNDA:0,(anonymous_80)
FNDA:0,(anonymous_81)
FNDA:0,(anonymous_82)
FNDA:0,(anonymous_83)
FNDA:0,(anonymous_84)
FNDA:0,(anonymous_85)
FNDA:0,(anonymous_86)
FNDA:0,(anonymous_87)
FNDA:0,(anonymous_88)
FNDA:0,(anonymous_89)
FNDA:0,(anonymous_90)
FNDA:0,(anonymous_91)
FNDA:0,(anonymous_92)
FNDA:0,(anonymous_93)
FNDA:0,(anonymous_94)
FNDA:0,(anonymous_95)
FNDA:0,(anonymous_96)
FNDA:0,(anonymous_97)
FNDA:0,(anonymous_98)
FNDA:0,(anonymous_99)
FNDA:0,(anonymous_100)
FNDA:0,(anonymous_101)
FNDA:0,(anonymous_102)
FNDA:0,(anonymous_103)
FNDA:0,(anonymous_104)
FNDA:0,(anonymous_105)
FNDA:0,(anonymous_106)
FNDA:0,(anonymous_107)
FNDA:0,(anonymous_108)
FNDA:0,(anonymous_109)
FNDA:0,(anonymous_110)
FNDA:0,(anonymous_111)
FNDA:0,(anonymous_112)
FNDA:0,(anonymous_113)
FNDA:0,(anonymous_114)
FNDA:0,(anonymous_115)
FNDA:0,(anonymous_116)
FNDA:0,(anonymous_117)
FNDA:0,(anonymous_118)
FNDA:0,(anonymous_119)
FNDA:0,(anonymous_120)
FNDA:0,(anonymous_121)
FNDA:0,calculateJaccardSimilarity
FNDA:0,(anonymous_123)
FNDA:0,(anonymous_124)
FNDA:0,(anonymous_125)
FNDA:0,calculateLevenshteinSimilarity
FNDA:0,calculateSequenceSimilarity
FNDA:0,(anonymous_128)
FNDA:0,(anonymous_129)
FNDA:0,(anonymous_130)
FNDA:0,calculateAdvancedSimilarity
FNDA:0,getSuspicionLevel
FNDA:0,(anonymous_133)
FNDA:0,(anonymous_134)
FNDA:0,(anonymous_135)
FNDA:0,(anonymous_136)
FNDA:0,(anonymous_137)
FNDA:0,(anonymous_138)
FNDA:0,(anonymous_139)
FNDA:0,(anonymous_140)
FNDA:0,(anonymous_141)
FNDA:0,(anonymous_142)
FNDA:0,(anonymous_143)
FNDA:0,(anonymous_144)
FNDA:0,(anonymous_145)
FNDA:0,(anonymous_146)
FNDA:0,(anonymous_147)
FNDA:0,(anonymous_148)
FNDA:0,(anonymous_149)
FNDA:0,(anonymous_150)
FNDA:0,(anonymous_151)
FNDA:0,(anonymous_152)
FNDA:0,(anonymous_153)
FNDA:0,(anonymous_154)
DA:1,0
DA:2,0
DA:3,0
DA:4,0
DA:5,0
DA:6,0
DA:8,0
DA:9,0
DA:10,0
DA:11,0
DA:13,0
DA:18,0
DA:19,0
DA:22,0
DA:24,0
DA:25,0
DA:26,0
DA:27,0
DA:28,0
DA:29,0
DA:30,0
DA:37,0
DA:40,0
DA:41,0
DA:42,0
DA:48,0
DA:51,0
DA:52,0
DA:53,0
DA:56,0
DA:57,0
DA:60,0
DA:61,0
DA:62,0
DA:63,0
DA:64,0
DA:68,0
DA:69,0
DA:72,0
DA:74,0
DA:77,0
DA:78,0
DA:82,0
DA:83,0
DA:84,0
DA:85,0
DA:86,0
DA:90,0
DA:91,0
DA:95,0
DA:96,0
DA:97,0
DA:101,0
DA:102,0
DA:103,0
DA:104,0
DA:108,0
DA:109,0
DA:110,0
DA:114,0
DA:115,0
DA:116,0
DA:117,0
DA:118,0
DA:122,0
DA:123,0
DA:127,0
DA:128,0
DA:131,0
DA:132,0
DA:133,0
DA:136,0
DA:137,0
DA:140,0
DA:141,0
DA:142,0
DA:143,0
DA:146,0
DA:147,0
DA:150,0
DA:151,0
DA:154,0
DA:155,0
DA:158,0
DA:159,0
DA:162,0
DA:163,0
DA:164,0
DA:165,0
DA:166,0
DA:167,0
DA:169,0
DA:173,0
DA:174,0
DA:175,0
DA:176,0
DA:177,0
DA:179,0
DA:180,0
DA:181,0
DA:184,0
DA:185,0
DA:187,0
DA:188,0
DA:193,0
DA:194,0
DA:195,0
DA:201,0
DA:202,0
DA:206,0
DA:212,0
DA:215,0
DA:216,0
DA:217,0
DA:218,0
DA:225,0
DA:226,0
DA:227,0
DA:228,0
DA:235,0
DA:236,0
DA:239,0
DA:240,0
DA:243,0
DA:248,0
DA:262,0
DA:269,0
DA:270,0
DA:273,0
DA:274,0
DA:278,0
DA:279,0
DA:280,0
DA:282,0
DA:283,0
DA:285,0
DA:288,0
DA:289,0
DA:293,0
DA:294,0
DA:295,0
DA:296,0
DA:297,0
DA:300,0
DA:307,0
DA:312,0
DA:313,0
DA:332,0
DA:333,0
DA:337,0
DA:339,0
DA:341,0
DA:342,0
DA:345,0
DA:346,0
DA:356,0
DA:359,0
DA:372,0
DA:375,0
DA:377,0
DA:379,0
DA:380,0
DA:384,0
DA:391,0
DA:394,0
DA:395,0
DA:396,0
DA:397,0
DA:398,0
DA:401,0
DA:405,0
DA:406,0
DA:410,0
DA:411,0
DA:412,0
DA:413,0
DA:416,0
DA:419,0
DA:420,0
DA:421,0
DA:425,0
DA:426,0
DA:434,0
DA:435,0
DA:439,0
DA:440,0
DA:444,0
DA:446,0
DA:461,0
DA:462,0
DA:464,0
DA:465,0
DA:470,0
DA:471,0
DA:475,0
DA:477,0
DA:493,0
DA:494,0
DA:496,0
DA:497,0
DA:502,0
DA:503,0
DA:504,0
DA:505,0
DA:508,0
DA:509,0
DA:510,0
DA:514,0
DA:515,0
DA:519,0
DA:520,0
DA:522,0
DA:523,0
DA:530,0
DA:533,0
DA:534,0
DA:538,0
DA:539,0
DA:540,0
DA:542,0
DA:543,0
DA:545,0
DA:546,0
DA:550,0
DA:551,0
DA:553,0
DA:558,0
DA:559,0
DA:562,0
DA:568,0
DA:569,0
DA:574,0
DA:575,0
DA:577,0
DA:580,0
DA:581,0
DA:586,0
DA:587,0
DA:588,0
DA:589,0
DA:591,0
DA:596,0
DA:606,0
DA:607,0
DA:614,0
DA:615,0
DA:616,0
DA:617,0
DA:619,0
DA:620,0
DA:624,0
DA:625,0
DA:626,0
DA:627,0
DA:628,0
DA:631,0
DA:632,0
DA:633,0
DA:637,0
DA:638,0
DA:640,0
DA:641,0
DA:644,0
DA:645,0
DA:646,0
DA:647,0
DA:648,0
DA:650,0
DA:651,0
DA:653,0
DA:654,0
DA:656,0
DA:659,0
DA:666,0
DA:668,0
DA:669,0
DA:673,0
DA:674,0
DA:675,0
DA:676,0
DA:678,0
DA:681,0
DA:682,0
DA:683,0
DA:684,0
DA:686,0
DA:689,0
DA:690,0
DA:691,0
DA:695,0
DA:698,0
DA:699,0
DA:700,0
DA:702,0
DA:703,0
DA:704,0
DA:706,0
DA:718,0
DA:719,0
DA:722,0
DA:727,0
DA:730,0
DA:733,0
DA:735,0
DA:736,0
DA:740,0
DA:741,0
DA:742,0
DA:744,0
DA:746,0
DA:748,0
DA:749,0
DA:750,0
DA:751,0
DA:753,0
DA:754,0
DA:757,0
DA:758,0
DA:762,0
DA:763,0
DA:765,0
DA:768,0
DA:769,0
DA:774,0
DA:775,0
DA:776,0
DA:777,0
DA:779,0
DA:782,0
DA:784,0
DA:786,0
DA:787,0
DA:790,0
DA:791,0
DA:792,0
DA:796,0
DA:797,0
DA:809,0
DA:810,0
DA:814,0
DA:815,0
DA:816,0
DA:819,0
DA:827,0
DA:828,0
DA:830,0
DA:835,0
DA:836,0
DA:837,0
DA:839,0
DA:842,0
DA:843,0
DA:847,0
DA:848,0
DA:849,0
DA:852,0
DA:862,0
DA:865,0
DA:866,0
DA:872,0
DA:874,0
DA:877,0
DA:885,0
DA:887,0
DA:890,0
DA:891,0
DA:892,0
DA:895,0
DA:896,0
DA:897,0
DA:899,0
DA:901,0
DA:917,0
DA:920,0
DA:924,0
DA:925,0
DA:931,0
DA:932,0
DA:934,0
DA:935,0
DA:937,0
DA:938,0
DA:943,0
DA:944,0
DA:945,0
DA:948,0
DA:954,0
DA:956,0
DA:957,0
DA:959,0
DA:962,0
DA:963,0
DA:971,0
DA:972,0
DA:973,0
DA:975,0
DA:977,0
DA:979,0
DA:984,0
DA:987,0
DA:989,0
DA:991,0
DA:999,0
DA:1005,0
DA:1010,0
DA:1011,0
DA:1016,0
DA:1017,0
DA:1018,0
DA:1019,0
DA:1022,0
DA:1023,0
DA:1024,0
DA:1028,0
DA:1029,0
DA:1033,0
DA:1037,0
DA:1038,0
DA:1041,0
DA:1043,0
DA:1054,0
DA:1065,0
DA:1066,0
DA:1071,0
DA:1072,0
DA:1073,0
DA:1075,0
DA:1077,0
DA:1078,0
DA:1084,0
DA:1090,0
DA:1091,0
DA:1095,0
DA:1096,0
DA:1098,0
DA:1099,0
DA:1102,0
DA:1103,0
DA:1105,0
DA:1106,0
DA:1110,0
DA:1111,0
DA:1112,0
DA:1115,0
DA:1117,0
DA:1118,0
DA:1119,0
DA:1129,0
DA:1130,0
DA:1131,0
DA:1133,0
DA:1134,0
DA:1137,0
DA:1148,0
DA:1149,0
DA:1153,0
DA:1154,0
DA:1155,0
DA:1156,0
DA:1158,0
DA:1159,0
DA:1163,0
DA:1164,0
DA:1165,0
DA:1166,0
DA:1168,0
DA:1169,0
DA:1172,0
DA:1174,0
DA:1175,0
DA:1180,0
DA:1181,0
DA:1182,0
DA:1183,0
DA:1184,0
DA:1185,0
DA:1186,0
DA:1187,0
DA:1188,0
DA:1189,0
DA:1191,0
DA:1194,0
DA:1196,0
DA:1197,0
DA:1198,0
DA:1200,0
DA:1201,0
DA:1203,0
DA:1204,0
DA:1205,0
DA:1206,0
DA:1208,0
DA:1211,0
DA:1213,0
DA:1214,0
DA:1218,0
DA:1219,0
DA:1220,0
DA:1222,0
DA:1223,0
DA:1227,0
DA:1228,0
DA:1230,0
DA:1231,0
DA:1236,0
DA:1237,0
DA:1238,0
DA:1240,0
DA:1241,0
DA:1244,0
DA:1245,0
DA:1247,0
DA:1248,0
DA:1252,0
DA:1253,0
DA:1254,0
DA:1256,0
DA:1263,0
DA:1265,0
DA:1266,0
DA:1270,0
DA:1271,0
DA:1272,0
DA:1274,0
DA:1275,0
DA:1277,0
DA:1278,0
DA:1282,0
DA:1283,0
DA:1284,0
DA:1286,0
DA:1287,0
DA:1289,0
DA:1290,0
DA:1294,0
DA:1295,0
DA:1296,0
DA:1297,0
DA:1299,0
DA:1300,0
DA:1302,0
DA:1303,0
DA:1308,0
DA:1309,0
DA:1310,0
DA:1311,0
DA:1313,0
DA:1314,0
DA:1318,0
DA:1319,0
DA:1320,0
DA:1321,0
DA:1323,0
DA:1324,0
DA:1328,0
DA:1329,0
DA:1330,0
DA:1331,0
DA:1333,0
DA:1334,0
DA:1339,0
DA:1340,0
DA:1341,0
DA:1344,0
DA:1346,0
DA:1347,0
DA:1351,0
DA:1355,0
DA:1357,0
DA:1371,0
DA:1372,0
DA:1377,0
DA:1378,0
DA:1379,0
DA:1381,0
DA:1382,0
DA:1387,0
DA:1391,0
DA:1395,0
DA:1402,0
DA:1403,0
DA:1408,0
DA:1409,0
DA:1410,0
DA:1411,0
DA:1414,0
DA:1437,0
DA:1439,0
DA:1446,0
DA:1447,0
DA:1452,0
DA:1453,0
DA:1455,0
DA:1456,0
DA:1458,0
DA:1459,0
DA:1466,0
DA:1476,0
DA:1477,0
DA:1483,0
DA:1484,0
DA:1485,0
DA:1487,0
DA:1490,0
DA:1491,0
DA:1494,0
DA:1495,0
DA:1497,0
DA:1498,0
DA:1499,0
DA:1502,0
DA:1504,0
DA:1505,0
DA:1506,0
DA:1507,0
DA:1508,0
DA:1519,0
DA:1520,0
DA:1525,0
DA:1529,0
DA:1532,0
DA:1533,0
DA:1536,0
DA:1537,0
DA:1538,0
DA:1540,0
DA:1545,0
DA:1546,0
DA:1552,0
DA:1555,0
DA:1556,0
DA:1558,0
DA:1559,0
DA:1561,0
DA:1562,0
DA:1564,0
DA:1568,0
DA:1569,0
DA:1570,0
DA:1572,0
DA:1573,0
DA:1575,0
DA:1576,0
DA:1578,0
DA:1579,0
DA:1582,0
DA:1583,0
DA:1584,0
DA:1585,0
DA:1587,0
DA:1596,0
DA:1597,0
DA:1601,0
DA:1603,0
DA:1604,0
DA:1605,0
DA:1608,0
DA:1609,0
DA:1611,0
DA:1612,0
DA:1615,0
DA:1616,0
DA:1617,0
DA:1621,0
DA:1622,0
DA:1623,0
DA:1625,0
DA:1629,0
DA:1630,0
DA:1631,0
DA:1635,0
DA:1636,0
DA:1637,0
DA:1639,0
DA:1640,0
DA:1641,0
DA:1642,0
DA:1645,0
DA:1647,0
DA:1652,0
DA:1653,0
DA:1677,0
DA:1680,0
DA:1685,0
DA:1687,0
DA:1690,0
DA:1692,0
DA:1700,0
DA:1701,0
DA:1706,0
DA:1707,0
DA:1709,0
DA:1711,0
DA:1714,0
DA:1718,0
DA:1719,0
DA:1727,0
DA:1728,0
DA:1730,0
DA:1743,0
DA:1744,0
DA:1746,0
DA:1749,0
DA:1750,0
DA:1758,0
DA:1759,0
DA:1763,0
DA:1773,0
DA:1774,0
DA:1775,0
DA:1778,0
DA:1781,0
DA:1782,0
DA:1783,0
DA:1786,0
DA:1788,0
DA:1789,0
DA:1790,0
DA:1793,0
DA:1794,0
DA:1795,0
DA:1796,0
DA:1797,0
DA:1799,0
DA:1802,0
DA:1806,0
DA:1810,0
DA:1812,0
DA:1813,0
DA:1818,0
DA:1819,0
DA:1820,0
DA:1821,0
DA:1822,0
DA:1824,0
DA:1825,0
DA:1828,0
DA:1830,0
DA:1831,0
DA:1832,0
DA:1836,0
DA:1843,0
DA:1844,0
DA:1845,0
DA:1846,0
DA:1847,0
DA:1849,0
DA:1862,0
DA:1864,0
DA:1867,0
DA:1868,0
DA:1869,0
DA:1870,0
DA:1871,0
DA:1873,0
DA:1874,0
DA:1878,0
DA:1879,0
DA:1886,0
DA:1887,0
DA:1891,0
DA:1894,0
DA:1895,0
DA:1896,0
DA:1897,0
DA:1898,0
DA:1899,0
DA:1900,0
DA:1902,0
DA:1905,0
DA:1907,0
DA:1908,0
DA:1909,0
DA:1912,0
DA:1913,0
DA:1915,0
DA:1916,0
DA:1917,0
DA:1919,0
DA:1921,0
DA:1924,0
DA:1926,0
DA:1927,0
DA:1932,0
DA:1933,0
DA:1934,0
DA:1936,0
DA:1937,0
DA:1941,0
DA:1942,0
DA:1943,0
DA:1945,0
DA:1946,0
DA:1947,0
DA:1948,0
DA:1950,0
DA:1952,0
DA:1958,0
DA:1960,0
DA:1961,0
DA:1966,0
DA:1967,0
DA:1968,0
DA:1969,0
DA:1972,0
DA:1973,0
DA:1974,0
DA:1976,0
DA:1983,0
DA:1986,0
DA:1988,0
DA:1989,0
DA:1993,0
DA:1994,0
DA:1995,0
DA:1996,0
DA:1999,0
DA:2004,0
DA:2005,0
DA:2008,0
DA:2013,0
DA:2015,0
DA:2016,0
DA:2021,0
DA:2022,0
DA:2023,0
DA:2024,0
DA:2025,0
DA:2031,0
DA:2032,0
DA:2036,0
DA:2037,0
DA:2038,0
DA:2039,0
DA:2042,0
DA:2043,0
DA:2062,0
DA:2063,0
DA:2067,0
DA:2068,0
DA:2070,0
DA:2073,0
DA:2074,0
DA:2075,0
DA:2077,0
DA:2078,0
DA:2079,0
DA:2080,0
DA:2083,0
DA:2084,0
DA:2085,0
DA:2088,0
DA:2089,0
DA:2091,0
DA:2094,0
DA:2095,0
DA:2096,0
DA:2104,0
DA:2107,0
DA:2108,0
DA:2109,0
DA:2111,0
DA:2112,0
DA:2114,0
DA:2115,0
DA:2116,0
DA:2117,0
DA:2118,0
DA:2119,0
DA:2121,0
DA:2126,0
DA:2129,0
DA:2132,0
DA:2133,0
DA:2134,0
DA:2136,0
DA:2137,0
DA:2138,0
DA:2139,0
DA:2140,0
DA:2141,0
DA:2142,0
DA:2143,0
DA:2144,0
DA:2145,0
DA:2146,0
DA:2148,0
DA:2149,0
DA:2150,0
DA:2154,0
DA:2155,0
DA:2157,0
DA:2158,0
DA:2159,0
DA:2161,0
DA:2162,0
DA:2164,0
DA:2165,0
DA:2167,0
DA:2168,0
DA:2170,0
DA:2171,0
DA:2173,0
DA:2174,0
DA:2177,0
DA:2178,0
DA:2183,0
DA:2195,0
DA:2204,0
DA:2205,0
LF:910
LH:0
BRDA:166,0,0,0
BRDA:166,0,1,0
BRDA:177,1,0,0
BRDA:177,1,1,0
BRDA:201,2,0,0
BRDA:201,2,1,0
BRDA:206,3,0,0
BRDA:206,3,1,0
BRDA:206,3,2,0
BRDA:206,3,3,0
BRDA:206,3,4,0
BRDA:210,4,0,0
BRDA:210,4,1,0
BRDA:216,5,0,0
BRDA:216,5,1,0
BRDA:226,6,0,0
BRDA:226,6,1,0
BRDA:235,7,0,0
BRDA:235,7,1,0
BRDA:235,8,0,0
BRDA:235,8,1,0
BRDA:282,9,0,0
BRDA:282,9,1,0
BRDA:300,10,0,0
BRDA:300,10,1,0
BRDA:300,10,2,0
BRDA:300,10,3,0
BRDA:300,10,4,0
BRDA:304,11,0,0
BRDA:304,11,1,0
BRDA:312,12,0,0
BRDA:312,12,1,0
BRDA:332,13,0,0
BRDA:332,13,1,0
BRDA:337,14,0,0
BRDA:337,14,1,0
BRDA:337,15,0,0
BRDA:337,15,1,0
BRDA:341,16,0,0
BRDA:341,16,1,0
BRDA:377,17,0,0
BRDA:377,17,1,0
BRDA:454,18,0,0
BRDA:454,18,1,0
BRDA:455,19,0,0
BRDA:455,19,1,0
BRDA:456,20,0,0
BRDA:456,20,1,0
BRDA:485,21,0,0
BRDA:485,21,1,0
BRDA:486,22,0,0
BRDA:486,22,1,0
BRDA:487,23,0,0
BRDA:487,23,1,0
BRDA:509,24,0,0
BRDA:509,24,1,0
BRDA:514,25,0,0
BRDA:514,25,1,0
BRDA:520,26,0,0
BRDA:520,26,1,0
BRDA:522,27,0,0
BRDA:522,27,1,0
BRDA:558,28,0,0
BRDA:558,28,1,0
BRDA:588,29,0,0
BRDA:588,29,1,0
BRDA:589,30,0,0
BRDA:589,30,1,0
BRDA:632,31,0,0
BRDA:632,31,1,0
BRDA:637,32,0,0
BRDA:637,32,1,0
BRDA:637,33,0,0
BRDA:637,33,1,0
BRDA:644,34,0,0
BRDA:644,34,1,0
BRDA:644,35,0,0
BRDA:644,35,1,0
BRDA:645,36,0,0
BRDA:645,36,1,0
BRDA:648,37,0,0
BRDA:648,37,1,0
BRDA:648,38,0,0
BRDA:648,38,1,0
BRDA:650,39,0,0
BRDA:650,39,1,0
BRDA:681,40,0,0
BRDA:681,40,1,0
BRDA:681,41,0,0
BRDA:681,41,1,0
BRDA:682,42,0,0
BRDA:682,42,1,0
BRDA:683,43,0,0
BRDA:683,43,1,0
BRDA:684,44,0,0
BRDA:684,44,1,0
BRDA:703,45,0,0
BRDA:703,45,1,0
BRDA:710,46,0,0
BRDA:710,46,1,0
BRDA:711,47,0,0
BRDA:711,47,1,0
BRDA:718,48,0,0
BRDA:718,48,1,0
BRDA:718,49,0,0
BRDA:718,49,1,0
BRDA:748,50,0,0
BRDA:748,50,1,0
BRDA:749,51,0,0
BRDA:749,51,1,0
BRDA:782,52,0,0
BRDA:782,52,1,0
BRDA:782,53,0,0
BRDA:782,53,1,0
BRDA:782,53,2,0
BRDA:791,54,0,0
BRDA:791,54,1,0
BRDA:796,55,0,0
BRDA:796,55,1,0
BRDA:809,56,0,0
BRDA:809,56,1,0
BRDA:823,57,0,0
BRDA:823,57,1,0
BRDA:827,58,0,0
BRDA:827,58,1,0
BRDA:835,59,0,0
BRDA:835,59,1,0
BRDA:836,60,0,0
BRDA:836,60,1,0
BRDA:837,61,0,0
BRDA:837,61,1,0
BRDA:842,62,0,0
BRDA:842,62,1,0
BRDA:847,63,0,0
BRDA:847,63,1,0
BRDA:890,64,0,0
BRDA:890,64,1,0
BRDA:890,65,0,0
BRDA:890,65,1,0
BRDA:895,66,0,0
BRDA:895,66,1,0
BRDA:896,67,0,0
BRDA:896,67,1,0
BRDA:897,68,0,0
BRDA:897,68,1,0
BRDA:909,69,0,0
BRDA:909,69,1,0
BRDA:910,70,0,0
BRDA:910,70,1,0
BRDA:948,71,0,0
BRDA:948,71,1,0
BRDA:948,71,2,0
BRDA:948,71,3,0
BRDA:948,71,4,0
BRDA:952,72,0,0
BRDA:952,72,1,0
BRDA:956,73,0,0
BRDA:956,73,1,0
BRDA:977,74,0,0
BRDA:977,74,1,0
BRDA:987,75,0,0
BRDA:987,75,1,0
BRDA:1023,76,0,0
BRDA:1023,76,1,0
BRDA:1028,77,0,0
BRDA:1028,77,1,0
BRDA:1041,78,0,0
BRDA:1041,78,1,0
BRDA:1053,79,0,0
BRDA:1053,79,1,0
BRDA:1077,80,0,0
BRDA:1077,80,1,0
BRDA:1098,81,0,0
BRDA:1098,81,1,0
BRDA:1098,82,0,0
BRDA:1098,82,1,0
BRDA:1098,82,2,0
BRDA:1105,83,0,0
BRDA:1105,83,1,0
BRDA:1115,84,0,0
BRDA:1115,84,1,0
BRDA:1133,85,0,0
BRDA:1133,85,1,0
BRDA:1168,86,0,0
BRDA:1168,86,1,0
BRDA:1183,87,0,0
BRDA:1183,87,1,0
BRDA:1184,88,0,0
BRDA:1184,88,1,0
BRDA:1185,89,0,0
BRDA:1185,89,1,0
BRDA:1186,90,0,0
BRDA:1186,90,1,0
BRDA:1187,91,0,0
BRDA:1187,91,1,0
BRDA:1189,92,0,0
BRDA:1189,92,1,0
BRDA:1194,93,0,0
BRDA:1194,93,1,0
BRDA:1197,94,0,0
BRDA:1197,94,1,0
BRDA:1203,95,0,0
BRDA:1203,95,1,0
BRDA:1205,96,0,0
BRDA:1205,96,1,0
BRDA:1222,97,0,0
BRDA:1222,97,1,0
BRDA:1222,98,0,0
BRDA:1222,98,1,0
BRDA:1222,98,2,0
BRDA:1240,99,0,0
BRDA:1240,99,1,0
BRDA:1240,100,0,0
BRDA:1240,100,1,0
BRDA:1240,100,2,0
BRDA:1257,101,0,0
BRDA:1257,101,1,0
BRDA:1258,102,0,0
BRDA:1258,102,1,0
BRDA:1259,103,0,0
BRDA:1259,103,1,0
BRDA:1260,104,0,0
BRDA:1260,104,1,0
BRDA:1346,105,0,0
BRDA:1346,105,1,0
BRDA:1364,106,0,0
BRDA:1364,106,1,0
BRDA:1365,107,0,0
BRDA:1365,107,1,0
BRDA:1367,108,0,0
BRDA:1367,108,1,0
BRDA:1391,109,0,0
BRDA:1391,109,1,0
BRDA:1391,110,0,0
BRDA:1391,110,1,0
BRDA:1399,111,0,0
BRDA:1399,111,1,0
BRDA:1469,112,0,0
BRDA:1469,112,1,0
BRDA:1485,113,0,0
BRDA:1485,114,0,0
BRDA:1499,115,0,0
BRDA:1499,115,1,0
BRDA:1504,116,0,0
BRDA:1504,116,1,0
BRDA:1504,117,0,0
BRDA:1504,117,1,0
BRDA:1504,117,2,0
BRDA:1507,118,0,0
BRDA:1507,118,1,0
BRDA:1507,119,0,0
BRDA:1507,119,1,0
BRDA:1514,120,0,0
BRDA:1514,120,1,0
BRDA:1537,121,0,0
BRDA:1537,121,1,0
BRDA:1558,122,0,0
BRDA:1558,122,1,0
BRDA:1558,123,0,0
BRDA:1558,123,1,0
BRDA:1559,124,0,0
BRDA:1559,124,1,0
BRDA:1559,125,0,0
BRDA:1559,125,1,0
BRDA:1572,126,0,0
BRDA:1572,126,1,0
BRDA:1572,127,0,0
BRDA:1572,127,1,0
BRDA:1573,128,0,0
BRDA:1573,128,1,0
BRDA:1584,129,0,0
BRDA:1584,129,1,0
BRDA:1611,130,0,0
BRDA:1611,130,1,0
BRDA:1611,131,0,0
BRDA:1611,131,1,0
BRDA:1612,132,0,0
BRDA:1612,132,1,0
BRDA:1612,133,0,0
BRDA:1612,133,1,0
BRDA:1629,134,0,0
BRDA:1629,134,1,0
BRDA:1630,135,0,0
BRDA:1630,135,1,0
BRDA:1645,136,0,0
BRDA:1645,136,1,0
BRDA:1652,137,0,0
BRDA:1652,137,1,0
BRDA:1655,138,0,0
BRDA:1655,138,1,0
BRDA:1656,139,0,0
BRDA:1656,139,1,0
BRDA:1660,140,0,0
BRDA:1660,140,1,0
BRDA:1661,141,0,0
BRDA:1661,141,1,0
BRDA:1684,142,0,0
BRDA:1684,142,1,0
BRDA:1718,143,0,0
BRDA:1718,143,1,0
BRDA:1737,144,0,0
BRDA:1737,144,1,0
BRDA:1738,145,0,0
BRDA:1738,145,1,0
BRDA:1788,146,0,0
BRDA:1788,146,1,0
BRDA:1788,147,0,0
BRDA:1788,147,1,0
BRDA:1795,148,0,0
BRDA:1795,148,1,0
BRDA:1830,149,0,0
BRDA:1830,149,1,0
BRDA:1838,150,0,0
BRDA:1838,150,1,0
BRDA:1839,151,0,0
BRDA:1839,151,1,0
BRDA:1840,152,0,0
BRDA:1840,152,1,0
BRDA:1843,153,0,0
BRDA:1843,153,1,0
BRDA:1843,154,0,0
BRDA:1843,154,1,0
BRDA:1845,155,0,0
BRDA:1845,155,1,0
BRDA:1851,156,0,0
BRDA:1851,156,1,0
BRDA:1852,157,0,0
BRDA:1852,157,1,0
BRDA:1853,158,0,0
BRDA:1853,158,1,0
BRDA:1854,159,0,0
BRDA:1854,159,1,0
BRDA:1855,160,0,0
BRDA:1855,160,1,0
BRDA:1856,161,0,0
BRDA:1856,161,1,0
BRDA:1858,162,0,0
BRDA:1858,162,1,0
BRDA:1868,163,0,0
BRDA:1868,163,1,0
BRDA:1869,164,0,0
BRDA:1869,164,1,0
BRDA:1898,165,0,0
BRDA:1898,165,1,0
BRDA:1899,166,0,0
BRDA:1899,166,1,0
BRDA:1905,167,0,0
BRDA:1905,167,1,0
BRDA:1908,168,0,0
BRDA:1908,168,1,0
BRDA:1908,169,0,0
BRDA:1908,169,1,0
BRDA:1912,170,0,0
BRDA:1912,170,1,0
BRDA:1915,171,0,0
BRDA:1915,171,1,0
BRDA:1917,172,0,0
BRDA:1917,172,1,0
BRDA:1919,173,0,0
BRDA:1919,173,1,0
BRDA:1936,174,0,0
BRDA:1936,174,1,0
BRDA:1936,175,0,0
BRDA:1936,175,1,0
BRDA:1941,176,0,0
BRDA:1941,176,1,0
BRDA:1942,177,0,0
BRDA:1942,177,1,0
BRDA:1942,178,0,0
BRDA:1942,178,1,0
BRDA:1946,179,0,0
BRDA:1946,179,1,0
BRDA:1947,180,0,0
BRDA:1947,180,1,0
BRDA:1973,181,0,0
BRDA:1973,181,1,0
BRDA:2075,182,0,0
BRDA:2075,182,1,0
BRDA:2077,183,0,0
BRDA:2077,183,1,0
BRDA:2080,184,0,0
BRDA:2080,184,1,0
BRDA:2083,185,0,0
BRDA:2083,185,1,0
BRDA:2097,186,0,0
BRDA:2097,186,1,0
BRDA:2098,187,0,0
BRDA:2098,187,1,0
BRDA:2099,188,0,0
BRDA:2099,188,1,0
BRDA:2100,189,0,0
BRDA:2100,189,1,0
BRDA:2101,190,0,0
BRDA:2101,190,1,0
BRDA:2102,191,0,0
BRDA:2102,191,1,0
BRDA:2115,192,0,0
BRDA:2115,192,1,0
BRDA:2115,193,0,0
BRDA:2115,193,1,0
BRDA:2117,194,0,0
BRDA:2117,194,1,0
BRDA:2119,195,0,0
BRDA:2119,195,1,0
BRDA:2119,196,0,0
BRDA:2119,196,1,0
BRDA:2119,196,2,0
BRDA:2119,196,3,0
BRDA:2126,197,0,0
BRDA:2126,197,1,0
BRDA:2136,198,0,0
BRDA:2136,198,1,0
BRDA:2139,199,0,0
BRDA:2139,199,1,0
BRDA:2143,200,0,0
BRDA:2143,200,1,0
BRDA:2158,201,0,0
BRDA:2158,201,1,0
BRDA:2161,202,0,0
BRDA:2161,202,1,0
BRDA:2161,203,0,0
BRDA:2161,203,1,0
BRDA:2164,204,0,0
BRDA:2164,204,1,0
BRDA:2164,205,0,0
BRDA:2164,205,1,0
BRDA:2167,206,0,0
BRDA:2167,206,1,0
BRDA:2167,207,0,0
BRDA:2167,207,1,0
BRDA:2170,208,0,0
BRDA:2170,208,1,0
BRDA:2170,209,0,0
BRDA:2170,209,1,0
BRDA:2173,210,0,0
BRDA:2173,210,1,0
BRDA:2173,211,0,0
BRDA:2173,211,1,0
BRDA:2177,212,0,0
BRDA:2177,212,1,0
BRDA:2200,213,0,0
BRDA:2200,213,1,0
BRF:442
BRH:0
end_of_record
TN:
SF:api/local.js
FN:12,exportCollection
FNF:1
FNH:0
FNDA:0,exportCollection
DA:1,0
DA:2,0
DA:3,0
DA:4,0
DA:5,0
DA:7,0
DA:8,0
DA:9,0
DA:10,0
DA:13,0
DA:14,0
DA:16,0
DA:17,0
DA:18,0
DA:19,0
DA:21,0
DA:22,0
DA:23,0
DA:25,0
DA:26,0
DA:28,0
DA:32,0
DA:33,0
DA:35,0
DA:37,0
DA:38,0
DA:39,0
DA:40,0
DA:41,0
DA:43,0
DA:44,0
DA:48,0
DA:49,0
DA:52,0
DA:53,0
DA:55,0
DA:57,0
DA:58,0
DA:62,0
LF:39
LH:0
BRDA:39,0,0,0
BRDA:39,0,1,0
BRDA:43,1,0,0
BRDA:43,1,1,0
BRDA:43,2,0,0
BRDA:43,2,1,0
BRF:6
BRH:0
end_of_record
TN:
SF:api/metricsAnalytics.js
FN:6,analyzeTypingBehavior
FN:16,(anonymous_1)
FN:17,(anonymous_2)
FN:25,(anonymous_3)
FN:26,(anonymous_4)
FN:27,(anonymous_5)
FN:28,(anonymous_6)
FN:29,(anonymous_7)
FN:30,(anonymous_8)
FN:31,(anonymous_9)
FN:39,(anonymous_10)
FN:42,(anonymous_11)
FN:43,(anonymous_12)
FN:62,analyzeStudentProfile
FN:73,(anonymous_14)
FN:74,(anonymous_15)
FN:75,(anonymous_16)
FN:76,(anonymous_17)
FN:78,(anonymous_18)
FN:79,(anonymous_19)
FN:85,(anonymous_20)
FN:86,(anonymous_21)
FN:87,(anonymous_22)
FN:88,(anonymous_23)
FN:93,(anonymous_24)
FN:94,(anonymous_25)
FN:95,(anonymous_26)
FN:99,(anonymous_27)
FN:100,(anonymous_28)
FN:105,(anonymous_29)
FN:121,detectAnomalies
FN:125,(anonymous_31)
FN:126,(anonymous_32)
FN:128,(anonymous_33)
FN:198,generateResearchInsights
FN:208,(anonymous_35)
FN:209,(anonymous_36)
FN:212,(anonymous_37)
FN:213,(anonymous_38)
FN:216,(anonymous_39)
FN:217,(anonymous_40)
FN:220,(anonymous_41)
FN:221,(anonymous_42)
FN:227,(anonymous_43)
FN:228,(anonymous_44)
FN:242,analyzeTimeAccuracyCorrelation
FN:243,(anonymous_46)
FN:244,(anonymous_47)
FN:251,analyzeConfidenceAccuracyCorrelation
FN:252,(anonymous_49)
FN:253,(anonymous_50)
FN:260,analyzeDifficultyProgression
FN:264,(anonymous_52)
FN:266,(anonymous_53)
FN:267,(anonymous_54)
FN:269,(anonymous_55)
FN:286,analyzeDifficultyImpact
FN:290,(anonymous_57)
FN:293,(anonymous_58)
FN:294,(anonymous_59)
FN:298,(anonymous_60)
FN:299,(anonymous_61)
FN:300,(anonymous_62)
FN:301,(anonymous_63)
FN:302,(anonymous_64)
FN:313,analyzeTimeEffects
FN:316,(anonymous_66)
FN:327,(anonymous_67)
FN:329,(anonymous_68)
FN:330,(anonymous_69)
FN:335,(anonymous_70)
FN:345,generateRecommendations
FN:366,(anonymous_72)
FN:379,(anonymous_73)
FN:392,calculateMean
FN:393,(anonymous_75)
FN:396,calculateMedian
FN:398,(anonymous_77)
FN:403,calculateStandardDeviation
FN:405,(anonymous_79)
FN:409,analyzeCorrelation
FN:415,(anonymous_81)
FN:417,(anonymous_82)
FN:418,(anonymous_83)
FN:424,analyzeDistribution
FN:427,(anonymous_85)
FN:442,groupBy
FN:443,(anonymous_87)
FN:453,getTimeSlot
FN:463,generateAnalyticsReport
FN:467,(anonymous_90)
FN:469,(anonymous_91)
FN:486,analyzePerformance
FN:490,(anonymous_93)
FN:493,(anonymous_94)
FN:494,(anonymous_95)
FN:501,(anonymous_96)
FN:502,(anonymous_97)
FN:508,analyzeIntegrity
FN:509,(anonymous_99)
FN:513,(anonymous_100)
FN:514,(anonymous_101)
FN:515,(anonymous_102)
FN:516,(anonymous_103)
FN:519,(anonymous_104)
FN:520,(anonymous_105)
FN:525,generateGeneralRecommendations
FN:539,(anonymous_107)
FNF:108
FNH:0
FNDA:0,analyzeTypingBehavior
FNDA:0,(anonymous_1)
FNDA:0,(anonymous_2)
FNDA:0,(anonymous_3)
FNDA:0,(anonymous_4)
FNDA:0,(anonymous_5)
FNDA:0,(anonymous_6)
FNDA:0,(anonymous_7)
FNDA:0,(anonymous_8)
FNDA:0,(anonymous_9)
FNDA:0,(anonymous_10)
FNDA:0,(anonymous_11)
FNDA:0,(anonymous_12)
FNDA:0,analyzeStudentProfile
FNDA:0,(anonymous_14)
FNDA:0,(anonymous_15)
FNDA:0,(anonymous_16)
FNDA:0,(anonymous_17)
FNDA:0,(anonymous_18)
FNDA:0,(anonymous_19)
FNDA:0,(anonymous_20)
FNDA:0,(anonymous_21)
FNDA:0,(anonymous_22)
FNDA:0,(anonymous_23)
FNDA:0,(anonymous_24)
FNDA:0,(anonymous_25)
FNDA:0,(anonymous_26)
FNDA:0,(anonymous_27)
FNDA:0,(anonymous_28)
FNDA:0,(anonymous_29)
FNDA:0,detectAnomalies
FNDA:0,(anonymous_31)
FNDA:0,(anonymous_32)
FNDA:0,(anonymous_33)
FNDA:0,generateResearchInsights
FNDA:0,(anonymous_35)
FNDA:0,(anonymous_36)
FNDA:0,(anonymous_37)
FNDA:0,(anonymous_38)
FNDA:0,(anonymous_39)
FNDA:0,(anonymous_40)
FNDA:0,(anonymous_41)
FNDA:0,(anonymous_42)
FNDA:0,(anonymous_43)
FNDA:0,(anonymous_44)
FNDA:0,analyzeTimeAccuracyCorrelation
FNDA:0,(anonymous_46)
FNDA:0,(anonymous_47)
FNDA:0,analyzeConfidenceAccuracyCorrelation
FNDA:0,(anonymous_49)
FNDA:0,(anonymous_50)
FNDA:0,analyzeDifficultyProgression
FNDA:0,(anonymous_52)
FNDA:0,(anonymous_53)
FNDA:0,(anonymous_54)
FNDA:0,(anonymous_55)
FNDA:0,analyzeDifficultyImpact
FNDA:0,(anonymous_57)
FNDA:0,(anonymous_58)
FNDA:0,(anonymous_59)
FNDA:0,(anonymous_60)
FNDA:0,(anonymous_61)
FNDA:0,(anonymous_62)
FNDA:0,(anonymous_63)
FNDA:0,(anonymous_64)
FNDA:0,analyzeTimeEffects
FNDA:0,(anonymous_66)
FNDA:0,(anonymous_67)
FNDA:0,(anonymous_68)
FNDA:0,(anonymous_69)
FNDA:0,(anonymous_70)
FNDA:0,generateRecommendations
FNDA:0,(anonymous_72)
FNDA:0,(anonymous_73)
FNDA:0,calculateMean
FNDA:0,(anonymous_75)
FNDA:0,calculateMedian
FNDA:0,(anonymous_77)
FNDA:0,calculateStandardDeviation
FNDA:0,(anonymous_79)
FNDA:0,analyzeCorrelation
FNDA:0,(anonymous_81)
FNDA:0,(anonymous_82)
FNDA:0,(anonymous_83)
FNDA:0,analyzeDistribution
FNDA:0,(anonymous_85)
FNDA:0,groupBy
FNDA:0,(anonymous_87)
FNDA:0,getTimeSlot
FNDA:0,generateAnalyticsReport
FNDA:0,(anonymous_90)
FNDA:0,(anonymous_91)
FNDA:0,analyzePerformance
FNDA:0,(anonymous_93)
FNDA:0,(anonymous_94)
FNDA:0,(anonymous_95)
FNDA:0,(anonymous_96)
FNDA:0,(anonymous_97)
FNDA:0,analyzeIntegrity
FNDA:0,(anonymous_99)
FNDA:0,(anonymous_100)
FNDA:0,(anonymous_101)
FNDA:0,(anonymous_102)
FNDA:0,(anonymous_103)
FNDA:0,(anonymous_104)
FNDA:0,(anonymous_105)
FNDA:0,generateGeneralRecommendations
FNDA:0,(anonymous_107)
DA:7,0
DA:15,0
DA:16,0
DA:17,0
DA:19,0
DA:20,0
DA:24,0
DA:25,0
DA:26,0
DA:27,0
DA:28,0
DA:29,0
DA:30,0
DA:32,0
DA:37,0
DA:39,0
DA:40,0
DA:41,0
DA:42,0
DA:43,0
DA:45,0
DA:46,0
DA:51,0
DA:54,0
DA:56,0
DA:63,0
DA:72,0
DA:73,0
DA:74,0
DA:75,0
DA:76,0
DA:78,0
DA:79,0
DA:84,0
DA:85,0
DA:86,0
DA:87,0
DA:88,0
DA:92,0
DA:93,0
DA:94,0
DA:96,0
DA:99,0
DA:100,0
DA:105,0
DA:106,0
DA:113,0
DA:115,0
DA:122,0
DA:125,0
DA:126,0
DA:128,0
DA:129,0
DA:130,0
DA:133,0
DA:134,0
DA:145,0
DA:146,0
DA:156,0
DA:157,0
DA:167,0
DA:168,0
DA:179,0
DA:180,0
DA:192,0
DA:199,0
DA:206,0
DA:208,0
DA:209,0
DA:212,0
DA:213,0
DA:216,0
DA:217,0
DA:220,0
DA:221,0
DA:226,0
DA:227,0
DA:228,0
DA:234,0
DA:236,0
DA:243,0
DA:244,0
DA:245,0
DA:252,0
DA:253,0
DA:254,0
DA:261,0
DA:262,0
DA:264,0
DA:265,0
DA:266,0
DA:267,0
DA:268,0
DA:269,0
DA:272,0
DA:280,0
DA:287,0
DA:288,0
DA:290,0
DA:291,0
DA:292,0
DA:293,0
DA:294,0
DA:296,0
DA:297,0
DA:298,0
DA:299,0
DA:300,0
DA:301,0
DA:302,0
DA:307,0
DA:314,0
DA:316,0
DA:317,0
DA:318,0
DA:320,0
DA:321,0
DA:323,0
DA:326,0
DA:327,0
DA:328,0
DA:329,0
DA:330,0
DA:332,0
DA:335,0
DA:339,0
DA:346,0
DA:349,0
DA:350,0
DA:357,0
DA:358,0
DA:366,0
DA:367,0
DA:370,0
DA:371,0
DA:379,0
DA:380,0
DA:381,0
DA:388,0
DA:393,0
DA:397,0
DA:398,0
DA:399,0
DA:400,0
DA:404,0
DA:405,0
DA:406,0
DA:410,0
DA:412,0
DA:413,0
DA:415,0
DA:416,0
DA:417,0
DA:418,0
DA:421,0
DA:425,0
DA:427,0
DA:428,0
DA:443,0
DA:444,0
DA:445,0
DA:446,0
DA:448,0
DA:449,0
DA:454,0
DA:455,0
DA:456,0
DA:457,0
DA:464,0
DA:467,0
DA:469,0
DA:478,0
DA:483,0
DA:487,0
DA:488,0
DA:490,0
DA:491,0
DA:492,0
DA:493,0
DA:494,0
DA:499,0
DA:501,0
DA:502,0
DA:509,0
DA:511,0
DA:513,0
DA:514,0
DA:515,0
DA:516,0
DA:519,0
DA:520,0
DA:526,0
DA:529,0
DA:530,0
DA:538,0
DA:539,0
DA:541,0
DA:542,0
DA:549,0
DA:552,0
LF:200
LH:0
BRDA:19,0,0,0
BRDA:19,0,1,0
BRDA:32,1,0,0
BRDA:32,1,1,0
BRDA:32,1,2,0
BRDA:45,2,0,0
BRDA:45,2,1,0
BRDA:96,3,0,0
BRDA:96,3,1,0
BRDA:96,3,2,0
BRDA:129,4,0,0
BRDA:129,4,1,0
BRDA:133,5,0,0
BRDA:133,5,1,0
BRDA:139,6,0,0
BRDA:139,6,1,0
BRDA:140,7,0,0
BRDA:140,7,1,0
BRDA:145,8,0,0
BRDA:145,8,1,0
BRDA:156,9,0,0
BRDA:156,9,1,0
BRDA:167,10,0,0
BRDA:167,10,1,0
BRDA:179,11,0,0
BRDA:179,11,1,0
BRDA:208,12,0,0
BRDA:208,12,1,0
BRDA:209,13,0,0
BRDA:209,13,1,0
BRDA:212,14,0,0
BRDA:212,14,1,0
BRDA:213,15,0,0
BRDA:213,15,1,0
BRDA:216,16,0,0
BRDA:216,16,1,0
BRDA:217,17,0,0
BRDA:217,17,1,0
BRDA:220,18,0,0
BRDA:220,18,1,0
BRDA:221,19,0,0
BRDA:221,19,1,0
BRDA:244,20,0,0
BRDA:244,20,1,0
BRDA:252,21,0,0
BRDA:252,21,1,0
BRDA:253,22,0,0
BRDA:253,22,1,0
BRDA:269,23,0,0
BRDA:269,23,1,0
BRDA:296,24,0,0
BRDA:296,24,1,0
BRDA:320,25,0,0
BRDA:320,25,1,0
BRDA:349,26,0,0
BRDA:349,26,1,0
BRDA:357,27,0,0
BRDA:357,27,1,0
BRDA:367,28,0,0
BRDA:367,28,1,0
BRDA:367,28,2,0
BRDA:370,29,0,0
BRDA:370,29,1,0
BRDA:380,30,0,0
BRDA:380,30,1,0
BRDA:393,31,0,0
BRDA:393,31,1,0
BRDA:397,32,0,0
BRDA:397,32,1,0
BRDA:400,33,0,0
BRDA:400,33,1,0
BRDA:410,34,0,0
BRDA:410,34,1,0
BRDA:410,35,0,0
BRDA:410,35,1,0
BRDA:421,36,0,0
BRDA:421,36,1,0
BRDA:425,37,0,0
BRDA:425,37,1,0
BRDA:445,38,0,0
BRDA:445,38,1,0
BRDA:454,39,0,0
BRDA:454,39,1,0
BRDA:454,40,0,0
BRDA:454,40,1,0
BRDA:455,41,0,0
BRDA:455,41,1,0
BRDA:455,42,0,0
BRDA:455,42,1,0
BRDA:456,43,0,0
BRDA:456,43,1,0
BRDA:456,44,0,0
BRDA:456,44,1,0
BRDA:529,45,0,0
BRDA:529,45,1,0
BRDA:541,46,0,0
BRDA:541,46,1,0
BRF:97
BRH:0
end_of_record
